<?xml version="1.0" encoding="UTF-8"?>
<!-- Generated by org.testng.reporters.JUnitReportReporter -->
<testsuite hostname="rasmita" name="test.TestJunit" tests="1" failures="0" timestamp="4 Dec 2015 13:10:29 GMT" time="0.009" errors="0">
  <testcase name="testPrintMessage" time="0.009" classname="test.TestJunit"/>
</testsuite> <!-- test.TestJunit -->
